info it worked if it ends with ok
verbose cli [ 'node', '/usr/local/bin/npm', 'publish' ]
info using npm@1.1.0-beta-10
info using node@v0.6.7
verbose config file /Users/jacob.wright/.npmrc
verbose config file /usr/local/etc/npmrc
verbose config file /usr/local/lib/node_modules/npm/npmrc
verbose publish [ '.' ]
verbose cache add [ '.', null ]
silly cache add: name, spec, args [ undefined, '.', [ '.', null ] ]
verbose parsed url { pathname: '.', path: '.', href: '.' }
ERR! Could not install: .
ERR! Error: Invalid 'version' field: 0.1
ERR! 'version' Must be X.Y.Z, with an optional trailing tag.
ERR! See the section on 'version' in `npm help json`
ERR!     at /usr/local/lib/node_modules/npm/lib/utils/read-json.js:336:13
ERR!     at /usr/local/lib/node_modules/npm/lib/utils/read-json.js:134:32
ERR!     at P (/usr/local/lib/node_modules/npm/lib/utils/read-json.js:110:40)
ERR!     at [object Object].<anonymous> (fs.js:115:5)
ERR!     at [object Object].emit (events.js:64:17)
ERR!     at afterRead (fs.js:1111:12)
ERR!     at Object.wrapper [as oncomplete] (fs.js:254:17)
ERR! Report this *entire* log at:
ERR!     <http://github.com/isaacs/npm/issues>
ERR! or email it to:
ERR!     <npm-@googlegroups.com>
ERR! 
ERR! System Darwin 10.8.0
ERR! command "node" "/usr/local/bin/npm" "publish"
ERR! cwd /Users/jacob.wright/Projects/jslibs/promises
ERR! node -v v0.6.7
ERR! npm -v 1.1.0-beta-10
ERR! message Invalid 'version' field: 0.1
ERR! message 'version' Must be X.Y.Z, with an optional trailing tag.
ERR! message See the section on 'version' in `npm help json`
verbose exit [ 1, true ]
